-------------------------------------------------------------------------------
Test set: org.solent.com504.oodd.bank.client.test.manual.BankClientTest
-------------------------------------------------------------------------------
Tests run: 2, Failures: 0, Errors: 2, Skipped: 0, Time elapsed: 1.516 s <<< FAILURE! - in org.solent.com504.oodd.bank.client.test.manual.BankClientTest
testClientAuth(org.solent.com504.oodd.bank.client.test.manual.BankClientTest)  Time elapsed: 0.846 s  <<< ERROR!
javax.ws.rs.ProcessingException: Error reading entity from input stream.
	at org.solent.com504.oodd.bank.client.test.manual.BankClientTest.testClientAuth(BankClientTest.java:77)
Caused by: com.fasterxml.jackson.databind.exc.UnrecognizedPropertyException: 
Unrecognized field "timestamp" (class org.solent.com504.oodd.bank.model.dto.TransactionReplyMessage), not marked as ignorable (8 known properties: "status", "message", "amount", "transactionId", "fromCardNo", "toCardNo", "code", "transactionDate"])
 at [Source: (org.glassfish.jersey.message.internal.ReaderInterceptorExecutor$UnCloseableInputStream); line: 1, column: 15] (through reference chain: org.solent.com504.oodd.bank.model.dto.TransactionReplyMessage["timestamp"])
	at org.solent.com504.oodd.bank.client.test.manual.BankClientTest.testClientAuth(BankClientTest.java:77)

testClient(org.solent.com504.oodd.bank.client.test.manual.BankClientTest)  Time elapsed: 0.046 s  <<< ERROR!
javax.ws.rs.ProcessingException: Error reading entity from input stream.
	at org.solent.com504.oodd.bank.client.test.manual.BankClientTest.testClient(BankClientTest.java:61)
Caused by: com.fasterxml.jackson.databind.exc.UnrecognizedPropertyException: 
Unrecognized field "timestamp" (class org.solent.com504.oodd.bank.model.dto.TransactionReplyMessage), not marked as ignorable (8 known properties: "status", "message", "amount", "transactionId", "fromCardNo", "toCardNo", "code", "transactionDate"])
 at [Source: (org.glassfish.jersey.message.internal.ReaderInterceptorExecutor$UnCloseableInputStream); line: 1, column: 15] (through reference chain: org.solent.com504.oodd.bank.model.dto.TransactionReplyMessage["timestamp"])
	at org.solent.com504.oodd.bank.client.test.manual.BankClientTest.testClient(BankClientTest.java:61)

