<?xml version="1.0" encoding="UTF-8"?>
<testsuite xmlns:xsi="http://www.w3.org/2001/XMLSchema-instance" xsi:noNamespaceSchemaLocation="https://maven.apache.org/surefire/maven-surefire-plugin/xsd/surefire-test-report-3.0.xsd" version="3.0" name="org.solent.com504.oodd.bank.client.test.manual.BankClientTest" time="1.516" tests="2" errors="2" skipped="0" failures="0">
  <properties>
[...]
</properties>
  <testcase name="testClientAuth" classname="org.solent.com504.oodd.bank.client.test.manual.BankClientTest" time="0.846">
    <error message="Error reading entity from input stream." type="javax.ws.rs.ProcessingException">javax.ws.rs.ProcessingException: Error reading entity from input stream.
	at org.solent.com504.oodd.bank.client.test.manual.BankClientTest.testClientAuth(BankClientTest.java:77)
Caused by: com.fasterxml.jackson.databind.exc.UnrecognizedPropertyException: 
Unrecognized field "timestamp" (class org.solent.com504.oodd.bank.model.dto.TransactionReplyMessage), not marked as ignorable (8 known properties: "status", "message", "amount", "transactionId", "fromCardNo", "toCardNo", "code", "transactionDate"])
 at [Source: (org.glassfish.jersey.message.internal.ReaderInterceptorExecutor$UnCloseableInputStream); line: 1, column: 15] (through reference chain: org.solent.com504.oodd.bank.model.dto.TransactionReplyMessage["timestamp"])
	at org.solent.com504.oodd.bank.client.test.manual.BankClientTest.testClientAuth(BankClientTest.java:77)
</error>
    <system-out><![CDATA[13:30:54.779 [main] DEBUG org.solent.com504.oodd.bank.client.impl.BankRestClientImpl - transferMoney called: 
]]></system-out>
    <system-err><![CDATA[nov. 07, 2021 1:30:55 P. M. org.glassfish.jersey.logging.LoggingInterceptor log
INFORMACIÓN: 1 * Sending client request on thread main
1 > POST http://com528bank.ukwest.cloudapp.azure.com:8080/bank/rest/transactionRequest
1 > Accept: application/json
1 > Authorization: Basic dGVzdHVzZXIyOmRlZmF1bHR0ZXN0cGFzcw==
1 > Content-Type: application/json
{"fromCard":{"name":"test user1","endDate":"11/21","cardnumber":"5133880000000012","cvv":"123","issueNumber":"01"},"toCard":{"name":"test user2","endDate":"11/21","cardnumber":"4285860000000021","cvv":"123","issueNumber":"01"},"amount":0.0}

nov. 07, 2021 1:30:55 P. M. org.glassfish.jersey.logging.LoggingInterceptor log
INFORMACIÓN: 1 * Client response received on thread main
1 < 404
1 < Connection: keep-alive
1 < Content-Type: application/json
1 < Date: Sun, 07 Nov 2021 12:30:55 GMT
1 < Keep-Alive: timeout=60
1 < Transfer-Encoding: chunked
1 < Vary: Access-Control-Request-Headers,Access-Control-Request-Method,Origin
{"timestamp":"2021-11-07T12:30:55.266+00:00","status":404,"error":"Not Found","message":"","path":"/bank/rest/transactionRequest"}

]]></system-err>
  </testcase>
  <testcase name="testClient" classname="org.solent.com504.oodd.bank.client.test.manual.BankClientTest" time="0.046">
    <error message="Error reading entity from input stream." type="javax.ws.rs.ProcessingException">javax.ws.rs.ProcessingException: Error reading entity from input stream.
	at org.solent.com504.oodd.bank.client.test.manual.BankClientTest.testClient(BankClientTest.java:61)
Caused by: com.fasterxml.jackson.databind.exc.UnrecognizedPropertyException: 
Unrecognized field "timestamp" (class org.solent.com504.oodd.bank.model.dto.TransactionReplyMessage), not marked as ignorable (8 known properties: "status", "message", "amount", "transactionId", "fromCardNo", "toCardNo", "code", "transactionDate"])
 at [Source: (org.glassfish.jersey.message.internal.ReaderInterceptorExecutor$UnCloseableInputStream); line: 1, column: 15] (through reference chain: org.solent.com504.oodd.bank.model.dto.TransactionReplyMessage["timestamp"])
	at org.solent.com504.oodd.bank.client.test.manual.BankClientTest.testClient(BankClientTest.java:61)
</error>
    <system-out><![CDATA[13:30:55.622 [main] DEBUG org.solent.com504.oodd.bank.client.impl.BankRestClientImpl - transferMoney called: 
]]></system-out>
    <system-err><![CDATA[nov. 07, 2021 1:30:55 P. M. org.glassfish.jersey.logging.LoggingInterceptor log
INFORMACIÓN: 1 * Sending client request on thread main
1 > POST http://com528bank.ukwest.cloudapp.azure.com:8080/bank/rest/transactionRequest
1 > Accept: application/json
1 > Content-Type: application/json
{"fromCard":{"name":"test user1","endDate":"11/21","cardnumber":"5133880000000012","cvv":"123","issueNumber":"01"},"toCard":{"name":"test user2","endDate":"11/21","cardnumber":"4285860000000021","cvv":"123","issueNumber":"01"},"amount":50.0}

nov. 07, 2021 1:30:55 P. M. org.glassfish.jersey.logging.LoggingInterceptor log
INFORMACIÓN: 1 * Client response received on thread main
1 < 404
1 < Connection: keep-alive
1 < Content-Type: application/json
1 < Date: Sun, 07 Nov 2021 12:30:55 GMT
1 < Keep-Alive: timeout=60
1 < Transfer-Encoding: chunked
1 < Vary: Access-Control-Request-Headers,Access-Control-Request-Method,Origin
{"timestamp":"2021-11-07T12:30:55.414+00:00","status":404,"error":"Not Found","message":"","path":"/bank/rest/transactionRequest"}

]]></system-err>
  </testcase>
</testsuite>